# JRE version: OpenJDK Runtime Environment (23.0.2+7) (build 23.0.2+7-58)
# Java VM: OpenJDK 64-Bit Server VM (23.0.2+7-58, mixed mode, sharing, tiered, compressed oops, compressed class ptrs, g1 gc, linux-amd64)
GC Precious Log:
 CardTable entry size: 512
 Card Set container configuration: InlinePtr #cards 4 size 8 Array Of Cards #cards 16 size 48 Howl #buckets 8 coarsen threshold 3686 Howl Bitmap #cards 512 size 80 coarsen threshold 460 Card regions per heap region 1 cards per card region 4096
 CPUs: 4 total, 4 available
 Memory: 15885M
 Large Page Support: Disabled
 NUMA Support: Disabled
 Compressed Oops: Enabled (Zero based)
 Heap Region Size: 2M
 Heap Min Capacity: 8M
 Heap Initial Capacity: 250M
 Heap Max Capacity: 3972M
 Pre-touch: Disabled
 Parallel Workers: 4
 Concurrent Workers: 1
 Concurrent Refinement Workers: 4
 Periodic GC: Disabled
Heap:
 garbage-first heap   total reserved 4067328K, committed 258048K, used 43106K [0x0000000707c00000, 0x0000000800000000)
  region size 2048K, 18 young (36864K), 3 survivors (6144K)
 Metaspace       used 16837K, committed 17152K, reserved 1114112K
  class space    used 2565K, committed 2752K, reserved 1048576K
GC Heap History (7 events):
Event: 0,648 GC heap before
{Heap before GC invocations=0 (full 0):
 garbage-first heap   total reserved 4067328K, committed 258048K, used 15481K [0x0000000707c00000, 0x0000000800000000)
  region size 2048K, 7 young (14336K), 0 survivors (0K)
 Metaspace       used 1754K, committed 1856K, reserved 1114112K
  class space    used 165K, committed 192K, reserved 1048576K
}
Event: 0,653 GC heap after
{Heap after GC invocations=1 (full 0):
 garbage-first heap   total reserved 4067328K, committed 258048K, used 2528K [0x0000000707c00000, 0x0000000800000000)
  region size 2048K, 1 young (2048K), 1 survivors (2048K)
 Metaspace       used 1754K, committed 1856K, reserved 1114112K
  class space    used 165K, committed 192K, reserved 1048576K
}
Event: 1,297 GC heap before
{Heap before GC invocations=1 (full 0):
 garbage-first heap   total reserved 4067328K, committed 258048K, used 14816K [0x0000000707c00000, 0x0000000800000000)
  region size 2048K, 8 young (16384K), 1 survivors (2048K)
 Metaspace       used 6048K, committed 6336K, reserved 1114112K
  class space    used 770K, committed 896K, reserved 1048576K
}
Event: 1,302 GC heap after
{Heap after GC invocations=2 (full 0):
 garbage-first heap   total reserved 4067328K, committed 258048K, used 3938K [0x0000000707c00000, 0x0000000800000000)
  region size 2048K, 1 young (2048K), 1 survivors (2048K)
 Metaspace       used 6048K, committed 6336K, reserved 1114112K
  class space    used 770K, committed 896K, reserved 1048576K
}
Event: 2,993 GC heap before
{Heap before GC invocations=2 (full 0):
 garbage-first heap   total reserved 4067328K, committed 258048K, used 40802K [0x0000000707c00000, 0x0000000800000000)
  region size 2048K, 20 young (40960K), 1 survivors (2048K)
 Metaspace       used 12742K, committed 12992K, reserved 1114112K
  class space    used 1975K, committed 2112K, reserved 1048576K
}
Event: 3,003 GC heap after
{Heap after GC invocations=3 (full 0):
 garbage-first heap   total reserved 4067328K, committed 258048K, used 10338K [0x0000000707c00000, 0x0000000800000000)
  region size 2048K, 3 young (6144K), 3 survivors (6144K)
 Metaspace       used 12742K, committed 12992K, reserved 1114112K
  class space    used 1975K, committed 2112K, reserved 1048576K
}
Event: 11,094 GC heap before
{Heap before GC invocations=3 (full 0):
 garbage-first heap   total reserved 4067328K, committed 258048K, used 41058K [0x0000000707c00000, 0x0000000800000000)
  region size 2048K, 18 young (36864K), 3 survivors (6144K)
 Metaspace       used 16837K, committed 17152K, reserved 1114112K
  class space    used 2565K, committed 2752K, reserved 1048576K
}

