# JRE version: OpenJDK Runtime Environment (23.0.2+7) (build 23.0.2+7-58)
# Java VM: OpenJDK 64-Bit Server VM (23.0.2+7-58, mixed mode, sharing, tiered, compressed oops, compressed class ptrs, g1 gc, linux-amd64)
GC Precious Log:
 CardTable entry size: 512
 Card Set container configuration: InlinePtr #cards 4 size 8 Array Of Cards #cards 16 size 48 Howl #buckets 8 coarsen threshold 3686 Howl Bitmap #cards 512 size 80 coarsen threshold 460 Card regions per heap region 1 cards per card region 4096
 CPUs: 4 total, 4 available
 Memory: 15885M
 Large Page Support: Disabled
 NUMA Support: Disabled
 Compressed Oops: Enabled (Zero based)
 Heap Region Size: 2M
 Heap Min Capacity: 8M
 Heap Initial Capacity: 250M
 Heap Max Capacity: 3972M
 Pre-touch: Disabled
 Parallel Workers: 4
 Concurrent Workers: 1
 Concurrent Refinement Workers: 4
 Periodic GC: Disabled
Heap:
 garbage-first heap   total reserved 4067328K, committed 258048K, used 45132K [0x0000000707c00000, 0x0000000800000000)
  region size 2048K, 19 young (38912K), 3 survivors (6144K)
 Metaspace       used 17358K, committed 17664K, reserved 1114112K
  class space    used 2642K, committed 2816K, reserved 1048576K
GC Heap History (7 events):
Event: 0,714 GC heap before
{Heap before GC invocations=0 (full 0):
 garbage-first heap   total reserved 4067328K, committed 258048K, used 13433K [0x0000000707c00000, 0x0000000800000000)
  region size 2048K, 7 young (14336K), 0 survivors (0K)
 Metaspace       used 1734K, committed 1856K, reserved 1114112K
  class space    used 164K, committed 192K, reserved 1048576K
}
Event: 0,723 GC heap after
{Heap after GC invocations=1 (full 0):
 garbage-first heap   total reserved 4067328K, committed 258048K, used 2517K [0x0000000707c00000, 0x0000000800000000)
  region size 2048K, 1 young (2048K), 1 survivors (2048K)
 Metaspace       used 1734K, committed 1856K, reserved 1114112K
  class space    used 164K, committed 192K, reserved 1048576K
}
Event: 1,754 GC heap before
{Heap before GC invocations=1 (full 0):
 garbage-first heap   total reserved 4067328K, committed 258048K, used 14805K [0x0000000707c00000, 0x0000000800000000)
  region size 2048K, 8 young (16384K), 1 survivors (2048K)
 Metaspace       used 5838K, committed 6080K, reserved 1114112K
  class space    used 733K, committed 832K, reserved 1048576K
}
Event: 1,759 GC heap after
{Heap after GC invocations=2 (full 0):
 garbage-first heap   total reserved 4067328K, committed 258048K, used 3774K [0x0000000707c00000, 0x0000000800000000)
  region size 2048K, 1 young (2048K), 1 survivors (2048K)
 Metaspace       used 5838K, committed 6080K, reserved 1114112K
  class space    used 733K, committed 832K, reserved 1048576K
}
Event: 3,525 GC heap before
{Heap before GC invocations=2 (full 0):
 garbage-first heap   total reserved 4067328K, committed 258048K, used 40638K [0x0000000707c00000, 0x0000000800000000)
  region size 2048K, 20 young (40960K), 1 survivors (2048K)
 Metaspace       used 12771K, committed 12992K, reserved 1114112K
  class space    used 1977K, committed 2112K, reserved 1048576K
}
Event: 3,534 GC heap after
{Heap after GC invocations=3 (full 0):
 garbage-first heap   total reserved 4067328K, committed 258048K, used 10316K [0x0000000707c00000, 0x0000000800000000)
  region size 2048K, 3 young (6144K), 3 survivors (6144K)
 Metaspace       used 12771K, committed 12992K, reserved 1114112K
  class space    used 1977K, committed 2112K, reserved 1048576K
}
Event: 12,523 GC heap before
{Heap before GC invocations=3 (full 0):
 garbage-first heap   total reserved 4067328K, committed 258048K, used 43084K [0x0000000707c00000, 0x0000000800000000)
  region size 2048K, 19 young (38912K), 3 survivors (6144K)
 Metaspace       used 17358K, committed 17664K, reserved 1114112K
  class space    used 2642K, committed 2816K, reserved 1048576K
}

